1592896637.780728 client started (1816): version 3.1b, socket /tmp//tmux-1000/default, protocol 8
1592896637.780770 on Linux 5.7.4-arch1-1 #1 SMP PREEMPT Thu, 18 Jun 2020 16:01:07 +0000; libevent 2.1.11-stable (poll)
1592896637.780790 socket is /tmp//tmux-1000/default
1592896637.780807 trying connect
1592896637.780877 add peer 0x563bac247c10: 6 ((nil))
1592896637.780966 sending message 100 to peer 0x563bac247c10 (4 bytes)
1592896637.780976 sending message 101 to peer 0x563bac247c10 (15 bytes)
1592896637.780982 sending message 102 to peer 0x563bac247c10 (11 bytes)
1592896637.780987 sending message 108 to peer 0x563bac247c10 (27 bytes)
1592896637.780994 sending message 104 to peer 0x563bac247c10 (0 bytes)
1592896637.781000 sending message 107 to peer 0x563bac247c10 (4 bytes)
1592896637.781006 sending message 105 to peer 0x563bac247c10 (30 bytes)
1592896637.781012 sending message 105 to peer 0x563bac247c10 (34 bytes)
1592896637.781017 sending message 105 to peer 0x563bac247c10 (21 bytes)
1592896637.781022 sending message 105 to peer 0x563bac247c10 (15 bytes)
1592896637.781028 sending message 105 to peer 0x563bac247c10 (20 bytes)
1592896637.781033 sending message 105 to peer 0x563bac247c10 (54 bytes)
1592896637.781039 sending message 105 to peer 0x563bac247c10 (44 bytes)
1592896637.781044 sending message 105 to peer 0x563bac247c10 (11 bytes)
1592896637.781050 sending message 105 to peer 0x563bac247c10 (15 bytes)
1592896637.781055 sending message 105 to peer 0x563bac247c10 (26 bytes)
1592896637.781073 sending message 105 to peer 0x563bac247c10 (35 bytes)
1592896637.781079 sending message 105 to peer 0x563bac247c10 (90 bytes)
1592896637.781084 sending message 105 to peer 0x563bac247c10 (32 bytes)
1592896637.781090 sending message 105 to peer 0x563bac247c10 (77 bytes)
1592896637.781095 sending message 105 to peer 0x563bac247c10 (19 bytes)
1592896637.781101 sending message 105 to peer 0x563bac247c10 (28 bytes)
1592896637.781106 sending message 105 to peer 0x563bac247c10 (22 bytes)
1592896637.781112 sending message 105 to peer 0x563bac247c10 (21 bytes)
1592896637.781117 sending message 105 to peer 0x563bac247c10 (22 bytes)
1592896637.781123 sending message 105 to peer 0x563bac247c10 (27 bytes)
1592896637.781128 sending message 105 to peer 0x563bac247c10 (33 bytes)
1592896637.781134 sending message 105 to peer 0x563bac247c10 (31 bytes)
1592896637.781139 sending message 105 to peer 0x563bac247c10 (23 bytes)
1592896637.781145 sending message 105 to peer 0x563bac247c10 (17 bytes)
1592896637.781150 sending message 105 to peer 0x563bac247c10 (10 bytes)
1592896637.781156 sending message 105 to peer 0x563bac247c10 (8 bytes)
1592896637.781161 sending message 105 to peer 0x563bac247c10 (16 bytes)
1592896637.781167 sending message 105 to peer 0x563bac247c10 (32 bytes)
1592896637.781173 sending message 105 to peer 0x563bac247c10 (1519 bytes)
1592896637.781180 sending message 105 to peer 0x563bac247c10 (29 bytes)
1592896637.781186 sending message 105 to peer 0x563bac247c10 (34 bytes)
1592896637.781191 sending message 105 to peer 0x563bac247c10 (10 bytes)
1592896637.781197 sending message 105 to peer 0x563bac247c10 (12 bytes)
1592896637.781202 sending message 105 to peer 0x563bac247c10 (11 bytes)
1592896637.781208 sending message 105 to peer 0x563bac247c10 (50 bytes)
1592896637.781214 sending message 105 to peer 0x563bac247c10 (547 bytes)
1592896637.781220 sending message 105 to peer 0x563bac247c10 (13 bytes)
1592896637.781225 sending message 105 to peer 0x563bac247c10 (27 bytes)
1592896637.781231 sending message 105 to peer 0x563bac247c10 (31 bytes)
1592896637.781236 sending message 105 to peer 0x563bac247c10 (30 bytes)
1592896637.781242 sending message 105 to peer 0x563bac247c10 (27 bytes)
1592896637.781247 sending message 105 to peer 0x563bac247c10 (76 bytes)
1592896637.781253 sending message 105 to peer 0x563bac247c10 (19 bytes)
1592896637.781258 sending message 105 to peer 0x563bac247c10 (50 bytes)
1592896637.781264 sending message 105 to peer 0x563bac247c10 (8 bytes)
1592896637.781269 sending message 105 to peer 0x563bac247c10 (20 bytes)
1592896637.781285 sending message 105 to peer 0x563bac247c10 (36 bytes)
1592896637.781290 sending message 105 to peer 0x563bac247c10 (13 bytes)
1592896637.781296 sending message 105 to peer 0x563bac247c10 (13 bytes)
1592896637.781301 sending message 105 to peer 0x563bac247c10 (12 bytes)
1592896637.781307 sending message 105 to peer 0x563bac247c10 (18 bytes)
1592896637.781312 sending message 105 to peer 0x563bac247c10 (30 bytes)
1592896637.781318 sending message 105 to peer 0x563bac247c10 (16 bytes)
1592896637.781323 sending message 105 to peer 0x563bac247c10 (31 bytes)
1592896637.781329 sending message 105 to peer 0x563bac247c10 (24 bytes)
1592896637.781334 sending message 105 to peer 0x563bac247c10 (31 bytes)
1592896637.781339 sending message 105 to peer 0x563bac247c10 (15 bytes)
1592896637.781345 sending message 105 to peer 0x563bac247c10 (52 bytes)
1592896637.781350 sending message 105 to peer 0x563bac247c10 (23 bytes)
1592896637.781355 sending message 105 to peer 0x563bac247c10 (24 bytes)
1592896637.781361 sending message 105 to peer 0x563bac247c10 (17 bytes)
1592896637.781367 sending message 105 to peer 0x563bac247c10 (58 bytes)
1592896637.781372 sending message 105 to peer 0x563bac247c10 (21 bytes)
1592896637.781377 sending message 105 to peer 0x563bac247c10 (11 bytes)
1592896637.781383 sending message 105 to peer 0x563bac247c10 (29 bytes)
1592896637.781388 sending message 105 to peer 0x563bac247c10 (16 bytes)
1592896637.781393 sending message 105 to peer 0x563bac247c10 (30 bytes)
1592896637.781399 sending message 105 to peer 0x563bac247c10 (21 bytes)
1592896637.781404 sending message 106 to peer 0x563bac247c10 (0 bytes)
1592896637.781410 sending message 200 to peer 0x563bac247c10 (4 bytes)
1592896637.781415 client loop enter
1592896637.785070 peer 0x563bac247c10 message 303
1592896637.785088 open write file 2 -
1592896637.785106 sending message 305 to peer 0x563bac247c10 (8 bytes)
1592896637.785376 peer 0x563bac247c10 message 304
1592896637.785392 write 58 to file 2
1592896637.785402 peer 0x563bac247c10 message 203
1592896637.785408 file 2 58 bytes left
1592896637.785437 client loop exit
