INFO:root:Es PDF
ERROR:root:---- 2021/01/16 - 19:19%:21 ----
ERROR:root:Error: Unable to get page count.
I/O Error: Couldn't open file '/home/aristeo/Documentos/Ejemplo de examen de admisi<c3><b3>n.pdf//home/aristeo/Documentos/Ejemplo de examen de admisi<c3><b3>n.pdf': Not a directory.

INFO:root:Es PDF
ERROR:root:---- 2021/01/16 - 19:19%:23 ----
ERROR:root:Error: Unable to get page count.
I/O Error: Couldn't open file '/home/aristeo/Documentos/Ejemplo de examen de admisi<c3><b3>n.pdf//home/aristeo/Documentos/Ejemplo de examen de admisi<c3><b3>n.pdf': Not a directory.

INFO:root:Es PDF
ERROR:root:---- 2021/01/16 - 19:19%:25 ----
ERROR:root:Error: Unable to get page count.
I/O Error: Couldn't open file '/home/aristeo/Documentos/Ejemplo de examen de admisi<c3><b3>n.pdf//home/aristeo/Documentos/Ejemplo de examen de admisi<c3><b3>n.pdf': Not a directory.

INFO:root:Es PDF
ERROR:root:---- 2021/01/16 - 19:19%:27 ----
ERROR:root:Error: Unable to get page count.
I/O Error: Couldn't open file '/home/aristeo/Documentos/Ejemplo de examen de admisi<c3><b3>n.pdf//home/aristeo/Documentos/Ejemplo de examen de admisi<c3><b3>n.pdf': Not a directory.

INFO:root:Es PDF
ERROR:root:---- 2021/01/16 - 19:19%:47 ----
ERROR:root:Error: Unable to get page count.
I/O Error: Couldn't open file '/home/aristeo/Documentos/Ejemplo de examen de admisi<c3><b3>n.pdf//home/aristeo/Documentos/Ejemplo de examen de admisi<c3><b3>n.pdf': Not a directory.

INFO:root:Es PDF
ERROR:root:---- 2021/01/16 - 19:19%:49 ----
ERROR:root:Error: Unable to get page count.
I/O Error: Couldn't open file '/home/aristeo/Documentos/Ejemplo de examen de admisi<c3><b3>n.pdf//home/aristeo/Documentos/Ejemplo de examen de admisi<c3><b3>n.pdf': Not a directory.

INFO:root:Es PDF
ERROR:root:---- 2021/01/16 - 19:19%:51 ----
ERROR:root:Error: Unable to get page count.
I/O Error: Couldn't open file '/home/aristeo/Documentos/Ejemplo de examen de admisi<c3><b3>n.pdf//home/aristeo/Documentos/Ejemplo de examen de admisi<c3><b3>n.pdf': Not a directory.

INFO:root:Es PDF
ERROR:root:---- 2021/01/16 - 19:19%:53 ----
ERROR:root:Error: Unable to get page count.
I/O Error: Couldn't open file '/home/aristeo/Documentos/Ejemplo de examen de admisi<c3><b3>n.pdf//home/aristeo/Documentos/Ejemplo de examen de admisi<c3><b3>n.pdf': Not a directory.

INFO:root:Es PDF
ERROR:root:---- 2021/01/16 - 19:19%:55 ----
ERROR:root:Error: Unable to get page count.
I/O Error: Couldn't open file '/home/aristeo/Documentos/Ejemplo de examen de admisi<c3><b3>n.pdf//home/aristeo/Documentos/Ejemplo de examen de admisi<c3><b3>n.pdf': Not a directory.

INFO:root:Es PDF
ERROR:root:---- 2021/01/16 - 19:19%:57 ----
ERROR:root:Error: Unable to get page count.
I/O Error: Couldn't open file '/home/aristeo/Documentos/Ejemplo de examen de admisi<c3><b3>n.pdf//home/aristeo/Documentos/Ejemplo de examen de admisi<c3><b3>n.pdf': Not a directory.

INFO:root:Es PDF
ERROR:root:---- 2021/01/16 - 19:19%:59 ----
ERROR:root:Error: Unable to get page count.
I/O Error: Couldn't open file '/home/aristeo/Documentos/Ejemplo de examen de admisi<c3><b3>n.pdf//home/aristeo/Documentos/Ejemplo de examen de admisi<c3><b3>n.pdf': Not a directory.

INFO:root:Es PDF
ERROR:root:---- 2021/01/16 - 19:20%:01 ----
ERROR:root:Error: Unable to get page count.
I/O Error: Couldn't open file '/home/aristeo/Documentos/Ejemplo de examen de admisi<c3><b3>n.pdf//home/aristeo/Documentos/Ejemplo de examen de admisi<c3><b3>n.pdf': Not a directory.

INFO:root:Es PDF
ERROR:root:---- 2021/01/16 - 19:20%:03 ----
ERROR:root:Error: Unable to get page count.
I/O Error: Couldn't open file '/home/aristeo/Documentos/Ejemplo de examen de admisi<c3><b3>n.pdf//home/aristeo/Documentos/Ejemplo de examen de admisi<c3><b3>n.pdf': Not a directory.

INFO:root:Es PDF
ERROR:root:---- 2021/01/16 - 19:20%:05 ----
ERROR:root:Error: Unable to get page count.
I/O Error: Couldn't open file '/home/aristeo/Documentos/Ejemplo de examen de admisi<c3><b3>n.pdf//home/aristeo/Documentos/Ejemplo de examen de admisi<c3><b3>n.pdf': Not a directory.

INFO:root:Es PDF
ERROR:root:---- 2021/01/16 - 19:21%:09 ----
ERROR:root:Error: Unable to get page count.
I/O Error: Couldn't open file '/home/aristeo/Documentos/Ejemplo de examen de admisi<c3><b3>n.pdf//home/aristeo/Documentos/Ejemplo de examen de admisi<c3><b3>n.pdf': Not a directory.

INFO:root:Es PDF
ERROR:root:---- 2021/01/16 - 19:21%:12 ----
ERROR:root:Error: Unable to get page count.
I/O Error: Couldn't open file '/home/aristeo/Documentos/Ejemplo de examen de admisi<c3><b3>n.pdf//home/aristeo/Documentos/Ejemplo de examen de admisi<c3><b3>n.pdf': Not a directory.

INFO:root:Es PDF
ERROR:root:---- 2021/01/16 - 19:21%:14 ----
ERROR:root:Error: Unable to get page count.
I/O Error: Couldn't open file '/home/aristeo/Documentos/Ejemplo de examen de admisi<c3><b3>n.pdf//home/aristeo/Documentos/Ejemplo de examen de admisi<c3><b3>n.pdf': Not a directory.

INFO:root:Es PDF
ERROR:root:---- 2021/01/16 - 19:21%:16 ----
ERROR:root:Error: Unable to get page count.
I/O Error: Couldn't open file '/home/aristeo/Documentos/Ejemplo de examen de admisi<c3><b3>n.pdf//home/aristeo/Documentos/Ejemplo de examen de admisi<c3><b3>n.pdf': Not a directory.

INFO:root:Es PDF
ERROR:root:---- 2021/01/16 - 19:21%:34 ----
ERROR:root:Error: Unable to get page count.
I/O Error: Couldn't open file '/home/aristeo/Documentos/Ejemplo de examen de admisi<c3><b3>n.pdf//home/aristeo/Documentos/Ejemplo de examen de admisi<c3><b3>n.pdf': Not a directory.

INFO:root:Es PDF
ERROR:root:---- 2021/01/16 - 19:23%:03 ----
ERROR:root:Error: Unable to get page count.
I/O Error: Couldn't open file '/home/aristeo/Documentos/Ejemplo de examen de admisi<c3><b3>n.pdf//home/aristeo/Documentos/Ejemplo de examen de admisi<c3><b3>n.pdf': Not a directory.

INFO:root:Es PDF
INFO:root:Es PDF
INFO:root:Es PDF: Voucher.pdf
